<?xml version="1.0" encoding="UTF-8"?>
<!-- Generated by org.testng.reporters.JUnitXMLReporter -->
<testsuite ignored="0" hostname="Amazigh" failures="0" tests="3" name="RegressionOfFirefox" time="6.164" errors="0" timestamp="2022-05-10T21:09:11 CDT">
  <testcase classname="piit.AutomationTrainingProgram.Browsersd" name="f" time="0.131"/>
  <testcase classname="piit.AutomationTrainingProgram.Exexution" name="Test2" time="0.002"/>
  <testcase classname="piit.AutomationTrainingProgram.Exexution" name="f" time="0.001"/>
</testsuite> <!-- RegressionOfFirefox -->
