<?xml version="1.0" encoding="UTF-8"?>
<!-- Generated by org.testng.reporters.JUnitXMLReporter -->
<testsuite ignored="0" hostname="Amazigh" failures="0" tests="3" name="Regression" time="7.216" errors="0" timestamp="2022-05-10T20:41:00 CDT">
  <testcase classname="piit.AutomationTrainingProgram.Browsersd" name="f" time="0.158"/>
  <testcase classname="piit.AutomationTrainingProgram.Exexution" name="Test2" time="0.001"/>
  <testcase classname="piit.AutomationTrainingProgram.Exexution" name="f" time="0.0"/>
</testsuite> <!-- Regression -->
