<?xml version="1.0" encoding="UTF-8"?>
<!-- Generated by org.testng.reporters.JUnitXMLReporter -->
<testsuite ignored="0" hostname="Amazigh" failures="0" tests="3" name="RegressionOfEdge" time="6.254" errors="0" timestamp="2022-05-10T21:09:17 CDT">
  <testcase classname="piit.AutomationTrainingProgram.Browsersd" name="f" time="0.13"/>
  <testcase classname="piit.AutomationTrainingProgram.Exexution" name="Test2" time="0.0"/>
  <testcase classname="piit.AutomationTrainingProgram.Exexution" name="f" time="0.001"/>
</testsuite> <!-- RegressionOfEdge -->
