<?xml version="1.0" encoding="UTF-8"?>
<!-- Generated by org.testng.reporters.JUnitXMLReporter -->
<testsuite ignored="0" hostname="Amazigh" failures="0" tests="3" name="RegressionOfChrome" time="7.298" errors="0" timestamp="2022-05-10T21:09:04 CDT">
  <testcase classname="piit.AutomationTrainingProgram.Browsersd" name="f" time="0.161"/>
  <testcase classname="piit.AutomationTrainingProgram.Exexution" name="Test2" time="0.001"/>
  <testcase classname="piit.AutomationTrainingProgram.Exexution" name="f" time="0.001"/>
</testsuite> <!-- RegressionOfChrome -->
